<?xml version="1.0" encoding="UTF-8"?>
<!-- Generated by org.testng.reporters.JUnitXMLReporter -->
<testsuite hostname="CBT-CAB3-04" name="Chrome Test" tests="3" failures="0" timestamp="27 Feb 2017 05:46:08 GMT" time="0.31" errors="0">
  <testcase name="@BeforeMethod setup" time="0.0" classname="com.sample.scripts.VoonikLogin">
    <failure type="java.lang.IllegalStateException" message="The driver executable does not exist: D:\Ibrahim\Project\Sample_voonik\resources\chromedriver.exe">
      <![CDATA[java.lang.IllegalStateException: The driver executable does not exist: D:\Ibrahim\Project\Sample_voonik\resources\chromedriver.exe
	at com.google.common.base.Preconditions.checkState(Preconditions.java:199)
	at org.openqa.selenium.remote.service.DriverService.checkExecutable(DriverService.java:121)
	at org.openqa.selenium.remote.service.DriverService.findExecutable(DriverService.java:116)
	at org.openqa.selenium.chrome.ChromeDriverService.access$000(ChromeDriverService.java:32)
	at org.openqa.selenium.chrome.ChromeDriverService$Builder.findDefaultExecutable(ChromeDriverService.java:137)
	at org.openqa.selenium.remote.service.DriverService$Builder.build(DriverService.java:296)
	at org.openqa.selenium.chrome.ChromeDriverService.createDefaultService(ChromeDriverService.java:88)
	at org.openqa.selenium.chrome.ChromeDriver.<init>(ChromeDriver.java:120)
	at com.sample.library.Parallelbaselib.setup(Parallelbaselib.java:40)
... Removed 26 stack frames]]>
    </failure>
  </testcase> <!-- @BeforeMethod setup -->
  <testcase name="@AfterMethod tearDown" time="0.0" classname="com.sample.scripts.VoonikLogin">
    <skipped/>
  </testcase> <!-- @AfterMethod tearDown -->
  <testcase name="@BeforeMethod setup" time="0.0" classname="com.sample.scripts.VoonikLogin">
    <skipped/>
  </testcase> <!-- @BeforeMethod setup -->
  <testcase name="@AfterMethod tearDown" time="0.0" classname="com.sample.scripts.VoonikLogin">
    <skipped/>
  </testcase> <!-- @AfterMethod tearDown -->
  <testcase name="@BeforeMethod setup" time="0.0" classname="com.sample.scripts.VoonikLogin">
    <skipped/>
  </testcase> <!-- @BeforeMethod setup -->
  <testcase name="@AfterMethod tearDown" time="0.0" classname="com.sample.scripts.VoonikLogin">
    <skipped/>
  </testcase> <!-- @AfterMethod tearDown -->
  <testcase name="testlogin" time="0.003" classname="com.sample.scripts.VoonikLogin">
    <skipped/>
  </testcase> <!-- testlogin -->
  <testcase name="FilteringProduct" time="0.003" classname="com.sample.scripts.VoonikLogin">
    <skipped/>
  </testcase> <!-- FilteringProduct -->
  <testcase name="ChangePassword" time="0.004" classname="com.sample.scripts.VoonikLogin">
    <skipped/>
  </testcase> <!-- ChangePassword -->
</testsuite> <!-- Chrome Test -->
